C:\USERS\JULIEN\DOCUMENTS\POLYTECHNIQUE\DEUXIèME SESSION\INF1010 - PROGRAMMATION ORIENTéE OBJET\TD\TD1\SOLUTION_TD1\TD1\DEBUG\COFFRET.OBJ
C:\USERS\JULIEN\DOCUMENTS\POLYTECHNIQUE\DEUXIèME SESSION\INF1010 - PROGRAMMATION ORIENTéE OBJET\TD\TD1\SOLUTION_TD1\TD1\DEBUG\DATE.OBJ
C:\USERS\JULIEN\DOCUMENTS\POLYTECHNIQUE\DEUXIèME SESSION\INF1010 - PROGRAMMATION ORIENTéE OBJET\TD\TD1\SOLUTION_TD1\TD1\DEBUG\FILM.OBJ
C:\USERS\JULIEN\DOCUMENTS\POLYTECHNIQUE\DEUXIèME SESSION\INF1010 - PROGRAMMATION ORIENTéE OBJET\TD\TD1\SOLUTION_TD1\TD1\DEBUG\VIDEOTHEQUE.OBJ
C:\USERS\JULIEN\DOCUMENTS\POLYTECHNIQUE\DEUXIÈME SESSION\INF1010 - PROGRAMMATION ORIENTÉE OBJET\TD\TD1\SOLUTION_TD1\TD1\DEBUG\VC110.PDB
C:\USERS\JULIEN\DOCUMENTS\POLYTECHNIQUE\DEUXIèME SESSION\INF1010 - PROGRAMMATION ORIENTéE OBJET\TD\TD1\SOLUTION_TD1\TD1\DEBUG\MAIN.OBJ
C:\USERS\JULIEN\DOCUMENTS\POLYTECHNIQUE\DEUXIèME SESSION\INF1010 - PROGRAMMATION ORIENTéE OBJET\TD\TD1\SOLUTION_TD1\DEBUG\TD1.ILK
C:\USERS\JULIEN\DOCUMENTS\POLYTECHNIQUE\DEUXIèME SESSION\INF1010 - PROGRAMMATION ORIENTéE OBJET\TD\TD1\SOLUTION_TD1\DEBUG\TD1.EXE
C:\USERS\JULIEN\DOCUMENTS\POLYTECHNIQUE\DEUXIÈME SESSION\INF1010 - PROGRAMMATION ORIENTÉE OBJET\TD\TD1\SOLUTION_TD1\DEBUG\TD1.PDB
C:\Users\Julien\Documents\Polytechnique\Deuxième session\INF1010 - Programmation orientée objet\TD\TD1\Solution_TD1\TD1\Debug\Coffret.obj
C:\Users\Julien\Documents\Polytechnique\Deuxième session\INF1010 - Programmation orientée objet\TD\TD1\Solution_TD1\TD1\Debug\Date.obj
C:\Users\Julien\Documents\Polytechnique\Deuxième session\INF1010 - Programmation orientée objet\TD\TD1\Solution_TD1\TD1\Debug\Film.obj
C:\Users\Julien\Documents\Polytechnique\Deuxième session\INF1010 - Programmation orientée objet\TD\TD1\Solution_TD1\TD1\Debug\main.obj
C:\Users\Julien\Documents\Polytechnique\Deuxième session\INF1010 - Programmation orientée objet\TD\TD1\Solution_TD1\TD1\Debug\Videotheque.obj
C:\Users\Julien\Documents\Polytechnique\Deuxième session\INF1010 - Programmation orientée objet\TD\TD1\Solution_TD1\TD1\Debug\cl.command.1.tlog
C:\Users\Julien\Documents\Polytechnique\Deuxième session\INF1010 - Programmation orientée objet\TD\TD1\Solution_TD1\TD1\Debug\CL.read.1.tlog
C:\Users\Julien\Documents\Polytechnique\Deuxième session\INF1010 - Programmation orientée objet\TD\TD1\Solution_TD1\TD1\Debug\CL.write.1.tlog
C:\Users\Julien\Documents\Polytechnique\Deuxième session\INF1010 - Programmation orientée objet\TD\TD1\Solution_TD1\TD1\Debug\link-cvtres.read.1.tlog
C:\Users\Julien\Documents\Polytechnique\Deuxième session\INF1010 - Programmation orientée objet\TD\TD1\Solution_TD1\TD1\Debug\link-cvtres.write.1.tlog
C:\Users\Julien\Documents\Polytechnique\Deuxième session\INF1010 - Programmation orientée objet\TD\TD1\Solution_TD1\TD1\Debug\link-rc.read.1.tlog
C:\Users\Julien\Documents\Polytechnique\Deuxième session\INF1010 - Programmation orientée objet\TD\TD1\Solution_TD1\TD1\Debug\link-rc.write.1.tlog
C:\Users\Julien\Documents\Polytechnique\Deuxième session\INF1010 - Programmation orientée objet\TD\TD1\Solution_TD1\TD1\Debug\link.10136-cvtres.read.1.tlog
C:\Users\Julien\Documents\Polytechnique\Deuxième session\INF1010 - Programmation orientée objet\TD\TD1\Solution_TD1\TD1\Debug\link.10136-cvtres.write.1.tlog
C:\Users\Julien\Documents\Polytechnique\Deuxième session\INF1010 - Programmation orientée objet\TD\TD1\Solution_TD1\TD1\Debug\link.10136-rc.read.1.tlog
C:\Users\Julien\Documents\Polytechnique\Deuxième session\INF1010 - Programmation orientée objet\TD\TD1\Solution_TD1\TD1\Debug\link.10136-rc.write.1.tlog
C:\Users\Julien\Documents\Polytechnique\Deuxième session\INF1010 - Programmation orientée objet\TD\TD1\Solution_TD1\TD1\Debug\link.10136.read.1.tlog
C:\Users\Julien\Documents\Polytechnique\Deuxième session\INF1010 - Programmation orientée objet\TD\TD1\Solution_TD1\TD1\Debug\link.10136.write.1.tlog
C:\Users\Julien\Documents\Polytechnique\Deuxième session\INF1010 - Programmation orientée objet\TD\TD1\Solution_TD1\TD1\Debug\link.11216-cvtres.read.1.tlog
C:\Users\Julien\Documents\Polytechnique\Deuxième session\INF1010 - Programmation orientée objet\TD\TD1\Solution_TD1\TD1\Debug\link.11216-cvtres.write.1.tlog
C:\Users\Julien\Documents\Polytechnique\Deuxième session\INF1010 - Programmation orientée objet\TD\TD1\Solution_TD1\TD1\Debug\link.11216-rc.read.1.tlog
C:\Users\Julien\Documents\Polytechnique\Deuxième session\INF1010 - Programmation orientée objet\TD\TD1\Solution_TD1\TD1\Debug\link.11216-rc.write.1.tlog
C:\Users\Julien\Documents\Polytechnique\Deuxième session\INF1010 - Programmation orientée objet\TD\TD1\Solution_TD1\TD1\Debug\link.11216.read.1.tlog
C:\Users\Julien\Documents\Polytechnique\Deuxième session\INF1010 - Programmation orientée objet\TD\TD1\Solution_TD1\TD1\Debug\link.11216.write.1.tlog
C:\Users\Julien\Documents\Polytechnique\Deuxième session\INF1010 - Programmation orientée objet\TD\TD1\Solution_TD1\TD1\Debug\link.2036-cvtres.read.1.tlog
C:\Users\Julien\Documents\Polytechnique\Deuxième session\INF1010 - Programmation orientée objet\TD\TD1\Solution_TD1\TD1\Debug\link.2036-cvtres.write.1.tlog
C:\Users\Julien\Documents\Polytechnique\Deuxième session\INF1010 - Programmation orientée objet\TD\TD1\Solution_TD1\TD1\Debug\link.2036-rc.read.1.tlog
C:\Users\Julien\Documents\Polytechnique\Deuxième session\INF1010 - Programmation orientée objet\TD\TD1\Solution_TD1\TD1\Debug\link.2036-rc.write.1.tlog
C:\Users\Julien\Documents\Polytechnique\Deuxième session\INF1010 - Programmation orientée objet\TD\TD1\Solution_TD1\TD1\Debug\link.2036.read.1.tlog
C:\Users\Julien\Documents\Polytechnique\Deuxième session\INF1010 - Programmation orientée objet\TD\TD1\Solution_TD1\TD1\Debug\link.2036.write.1.tlog
C:\Users\Julien\Documents\Polytechnique\Deuxième session\INF1010 - Programmation orientée objet\TD\TD1\Solution_TD1\TD1\Debug\link.7388-cvtres.read.1.tlog
C:\Users\Julien\Documents\Polytechnique\Deuxième session\INF1010 - Programmation orientée objet\TD\TD1\Solution_TD1\TD1\Debug\link.7388-cvtres.write.1.tlog
C:\Users\Julien\Documents\Polytechnique\Deuxième session\INF1010 - Programmation orientée objet\TD\TD1\Solution_TD1\TD1\Debug\link.7388-rc.read.1.tlog
C:\Users\Julien\Documents\Polytechnique\Deuxième session\INF1010 - Programmation orientée objet\TD\TD1\Solution_TD1\TD1\Debug\link.7388-rc.write.1.tlog
C:\Users\Julien\Documents\Polytechnique\Deuxième session\INF1010 - Programmation orientée objet\TD\TD1\Solution_TD1\TD1\Debug\link.7388.read.1.tlog
C:\Users\Julien\Documents\Polytechnique\Deuxième session\INF1010 - Programmation orientée objet\TD\TD1\Solution_TD1\TD1\Debug\link.7388.write.1.tlog
C:\Users\Julien\Documents\Polytechnique\Deuxième session\INF1010 - Programmation orientée objet\TD\TD1\Solution_TD1\TD1\Debug\link.8220-cvtres.read.1.tlog
C:\Users\Julien\Documents\Polytechnique\Deuxième session\INF1010 - Programmation orientée objet\TD\TD1\Solution_TD1\TD1\Debug\link.8220-cvtres.write.1.tlog
C:\Users\Julien\Documents\Polytechnique\Deuxième session\INF1010 - Programmation orientée objet\TD\TD1\Solution_TD1\TD1\Debug\link.8220-rc.read.1.tlog
C:\Users\Julien\Documents\Polytechnique\Deuxième session\INF1010 - Programmation orientée objet\TD\TD1\Solution_TD1\TD1\Debug\link.8220-rc.write.1.tlog
C:\Users\Julien\Documents\Polytechnique\Deuxième session\INF1010 - Programmation orientée objet\TD\TD1\Solution_TD1\TD1\Debug\link.8220.read.1.tlog
C:\Users\Julien\Documents\Polytechnique\Deuxième session\INF1010 - Programmation orientée objet\TD\TD1\Solution_TD1\TD1\Debug\link.8220.write.1.tlog
C:\Users\Julien\Documents\Polytechnique\Deuxième session\INF1010 - Programmation orientée objet\TD\TD1\Solution_TD1\TD1\Debug\link.9188-cvtres.read.1.tlog
C:\Users\Julien\Documents\Polytechnique\Deuxième session\INF1010 - Programmation orientée objet\TD\TD1\Solution_TD1\TD1\Debug\link.9188-cvtres.write.1.tlog
C:\Users\Julien\Documents\Polytechnique\Deuxième session\INF1010 - Programmation orientée objet\TD\TD1\Solution_TD1\TD1\Debug\link.9188-rc.read.1.tlog
C:\Users\Julien\Documents\Polytechnique\Deuxième session\INF1010 - Programmation orientée objet\TD\TD1\Solution_TD1\TD1\Debug\link.9188-rc.write.1.tlog
C:\Users\Julien\Documents\Polytechnique\Deuxième session\INF1010 - Programmation orientée objet\TD\TD1\Solution_TD1\TD1\Debug\link.9188.read.1.tlog
C:\Users\Julien\Documents\Polytechnique\Deuxième session\INF1010 - Programmation orientée objet\TD\TD1\Solution_TD1\TD1\Debug\link.9188.write.1.tlog
C:\Users\Julien\Documents\Polytechnique\Deuxième session\INF1010 - Programmation orientée objet\TD\TD1\Solution_TD1\TD1\Debug\link.9432-cvtres.read.1.tlog
C:\Users\Julien\Documents\Polytechnique\Deuxième session\INF1010 - Programmation orientée objet\TD\TD1\Solution_TD1\TD1\Debug\link.9432-cvtres.write.1.tlog
C:\Users\Julien\Documents\Polytechnique\Deuxième session\INF1010 - Programmation orientée objet\TD\TD1\Solution_TD1\TD1\Debug\link.9432-rc.read.1.tlog
C:\Users\Julien\Documents\Polytechnique\Deuxième session\INF1010 - Programmation orientée objet\TD\TD1\Solution_TD1\TD1\Debug\link.9432-rc.write.1.tlog
C:\Users\Julien\Documents\Polytechnique\Deuxième session\INF1010 - Programmation orientée objet\TD\TD1\Solution_TD1\TD1\Debug\link.9432.read.1.tlog
C:\Users\Julien\Documents\Polytechnique\Deuxième session\INF1010 - Programmation orientée objet\TD\TD1\Solution_TD1\TD1\Debug\link.9432.write.1.tlog
C:\Users\Julien\Documents\Polytechnique\Deuxième session\INF1010 - Programmation orientée objet\TD\TD1\Solution_TD1\TD1\Debug\link.command.1.tlog
C:\Users\Julien\Documents\Polytechnique\Deuxième session\INF1010 - Programmation orientée objet\TD\TD1\Solution_TD1\TD1\Debug\link.read.1.tlog
C:\Users\Julien\Documents\Polytechnique\Deuxième session\INF1010 - Programmation orientée objet\TD\TD1\Solution_TD1\TD1\Debug\link.write.1.tlog
C:\Users\Julien\Documents\Polytechnique\Deuxième session\INF1010 - Programmation orientée objet\TD\TD1\Solution_TD1\TD1\Debug\vc110.idb
C:\Users\Julien\Documents\Polytechnique\Deuxième session\INF1010 - Programmation orientée objet\TD\TD1\Solution_TD1\TD1\Debug\vc110.pdb
C:\Users\Julien\Documents\Polytechnique\Deuxième session\INF1010 - Programmation orientée objet\TD\TD1\Solution_TD1\Debug\TD1.pdb
C:\Users\Julien\Documents\Polytechnique\Deuxième session\INF1010 - Programmation orientée objet\TD\TD1\Solution_TD1\Debug\TD1.exe
C:\Users\Julien\Documents\Polytechnique\Deuxième session\INF1010 - Programmation orientée objet\TD\TD1\Solution_TD1\Debug\TD1.ilk
